<?xml version="1.0" encoding="UTF-8"?>
<!-- Generated by org.testng.reporters.JUnitReportReporter -->
<testsuite skipped="0" hostname="DESKTOP-KTPP931" name="com.inetbanking.testCases.Demo1" tests="2" failures="0" timestamp="19 Nov 2021 09:54:20 GMT" time="44.606" errors="0">
  <testcase name="test1" time="43.358" classname="com.inetbanking.testCases.Demo1"/>
  <testcase name="test2" time="1.248" classname="com.inetbanking.testCases.Demo1"/>
</testsuite> <!-- com.inetbanking.testCases.Demo1 -->
